<?xml version="1.0" encoding="UTF-8"?>
<!-- Generated by org.testng.reporters.JUnitReportReporter -->
<testsuite hostname="DESKTOP-88FLBF9" failures="0" tests="3" name="test.gitActivity" time="4.675" errors="0" timestamp="2021-07-08T11:13:38 IST" skipped="0">
  <testcase classname="test.gitActivity" name="postSSH" time="3.520"/>
  <system-out/>
  <testcase classname="test.gitActivity" name="getSSHKeys" time="0.681"/>
  <system-out/>
  <testcase classname="test.gitActivity" name="deleteSShKeys" time="0.474"/>
  <system-out/>
</testsuite> <!-- test.gitActivity -->
